Arguments: 
  /usr/local/bin/node /usr/local/Cellar/yarn/1.12.3/libexec/bin/yarn.js add babel-plugin-import

PATH: 
  /Users/kidkang/.pyenv/plugins/pyenv-virtualenv/shims:/Users/kidkang/.pyenv/shims:/usr/local/bin:/usr/bin:/bin:/usr/sbin:/sbin:/Applications/VMware Fusion.app/Contents/Public:/Users/kidkang/android-sdk/tools:/Users/kidkang/android-sdk/platform-tools:/Users/kidkang/.composer/vendor/bin:/Applications/MAMP/Library/bin:/Users/kidkang/work/phantomjs/bin:/Users/kidkang/.pyenv/bin:

Yarn version: 
  1.12.3

Node version: 
  10.15.0

Platform: 
  darwin x64

Trace: 
  SyntaxError: /Users/kidkang/yjtec/js-sku/package.json: Unexpected token } in JSON at position 593
      at JSON.parse (<anonymous>)
      at /usr/local/Cellar/yarn/1.12.3/libexec/lib/cli.js:1631:59
      at Generator.next (<anonymous>)
      at step (/usr/local/Cellar/yarn/1.12.3/libexec/lib/cli.js:304:30)
      at /usr/local/Cellar/yarn/1.12.3/libexec/lib/cli.js:315:13

npm manifest: 
  {
    "name": "@yjtec/sku",
    "version": "0.0.1",
    "description": "js sku",
    "main": "lib/index.js",
    "files": [
      "lib",
      "es"
    ],
    "module": "dist/index.esm.js",
    "authors": {
      "name": "kidkang",
      "email": "723616880@qq.com"
    },
    "repository": "https://github.com/yjtec/js-sku",
    "scripts": {
      "dev": "father doc dev",
      "build": "father build",
      "watch": "father build --watch"
    },
    "peerDependencies": {
      "react": "16.x"
    },
    "devDependencies": {
      "father": "^2.16.0"
    },
    "license": "MIT",
    "dependencies": {
      "babel-plugin-import": "^1.12.2",
    }
  }

yarn manifest: 
  No manifest

Lockfile: 
  No lockfile
